0 info it worked if it ends with ok
1 verbose cli [ 'C:\\Program Files\\nodejs\\node.exe',
1 verbose cli   'C:\\Program Files\\nodejs\\node_modules\\npm\\bin\\npm-cli.js',
1 verbose cli   'run-script',
1 verbose cli   'dev' ]
2 info using npm@3.10.10
3 info using node@v6.10.1
4 verbose run-script [ 'predev', 'dev', 'postdev' ]
5 info lifecycle react_demo@1.0.0~predev: react_demo@1.0.0
6 silly lifecycle react_demo@1.0.0~predev: no script for predev, continuing
7 info lifecycle react_demo@1.0.0~dev: react_demo@1.0.0
8 verbose lifecycle react_demo@1.0.0~dev: unsafe-perm in lifecycle true
9 verbose lifecycle react_demo@1.0.0~dev: PATH: C:\Program Files\nodejs\node_modules\npm\bin\node-gyp-bin;F:\ReactDemo\node_modules\.bin;C:\Program Files (x86)\cmder;D:\installed\mongodb\bin;D:\installed\jdk\jdk1.7.0_75\bin;D:\installed\jdk\jdk1.7.0_75\jre\bin;D:\installed\maven\apache-maven-3.0.5\bin;C:\Program Files (x86)\Intel\iCLS Client\;C:\Program Files\Intel\iCLS Client\;C:\windows\system32;C:\windows;C:\windows\System32\Wbem;C:\windows\System32\WindowsPowerShell\v1.0\;C:\Program Files\Intel\Intel(R) Management Engine Components\DAL;C:\Program Files\Intel\Intel(R) Management Engine Components\IPT;C:\Program Files (x86)\Intel\Intel(R) Management Engine Components\DAL;C:\Program Files (x86)\Intel\Intel(R) Management Engine Components\IPT;C:\Program Files (x86)\NVIDIA Corporation\PhysX\Common;D:\installed\git\cmd;D:\installed\tortosizeGit\bin;C:\Program Files (x86)\MySQL\MySQL Utilities 1.3.6\;C:\Program Files\TortoiseSVN\bin;C:\Program Files\nodejs\;E:\elasticsearch-2.4.2\bin;C:\Users\Administrator\AppData\Roaming\npm
10 verbose lifecycle react_demo@1.0.0~dev: CWD: F:\ReactDemo
11 silly lifecycle react_demo@1.0.0~dev: Args: [ '/d /s /c', 'webpack-dev-server' ]
12 silly lifecycle react_demo@1.0.0~dev: Returned: code: 1  signal: null
13 info lifecycle react_demo@1.0.0~dev: Failed to exec dev script
14 verbose stack Error: react_demo@1.0.0 dev: `webpack-dev-server`
14 verbose stack Exit status 1
14 verbose stack     at EventEmitter.<anonymous> (C:\Program Files\nodejs\node_modules\npm\lib\utils\lifecycle.js:255:16)
14 verbose stack     at emitTwo (events.js:106:13)
14 verbose stack     at EventEmitter.emit (events.js:191:7)
14 verbose stack     at ChildProcess.<anonymous> (C:\Program Files\nodejs\node_modules\npm\lib\utils\spawn.js:40:14)
14 verbose stack     at emitTwo (events.js:106:13)
14 verbose stack     at ChildProcess.emit (events.js:191:7)
14 verbose stack     at maybeClose (internal/child_process.js:886:16)
14 verbose stack     at Process.ChildProcess._handle.onexit (internal/child_process.js:226:5)
15 verbose pkgid react_demo@1.0.0
16 verbose cwd F:\ReactDemo
17 error Windows_NT 6.1.7601
18 error argv "C:\\Program Files\\nodejs\\node.exe" "C:\\Program Files\\nodejs\\node_modules\\npm\\bin\\npm-cli.js" "run-script" "dev"
19 error node v6.10.1
20 error npm  v3.10.10
21 error code ELIFECYCLE
22 error react_demo@1.0.0 dev: `webpack-dev-server`
22 error Exit status 1
23 error Failed at the react_demo@1.0.0 dev script 'webpack-dev-server'.
23 error Make sure you have the latest version of node.js and npm installed.
23 error If you do, this is most likely a problem with the react_demo package,
23 error not with npm itself.
23 error Tell the author that this fails on your system:
23 error     webpack-dev-server
23 error You can get information on how to open an issue for this project with:
23 error     npm bugs react_demo
23 error Or if that isn't available, you can get their info via:
23 error     npm owner ls react_demo
23 error There is likely additional logging output above.
24 verbose exit [ 1, true ]
